<?xml version="1.0" encoding="UTF-8"?>
<testng-results skipped="0" failed="1" total="1" passed="0">
  <reporter-output>
  </reporter-output>
  <suite name="HelloWorldTest" duration-ms="172705" started-at="2015-01-08T20:17:01Z" finished-at="2015-01-08T20:19:53Z">
    <groups>
    </groups>
    <test name="SmokeTest" duration-ms="172705" started-at="2015-01-08T20:17:01Z" finished-at="2015-01-08T20:19:53Z">
      <class name="com.hackerrank.RunCodeTest">
        <test-method status="PASS" signature="setUpBeforeMethod(java.lang.reflect.Method)[pri:0, instance:com.hackerrank.RunCodeTest@2194038f]" name="setUpBeforeMethod" is-config="true" duration-ms="4" started-at="2015-01-09T01:47:01Z" finished-at="2015-01-09T01:47:01Z">
          <params>
            <param index="0">
              <value>
                <![CDATA[public void com.hackerrank.RunCodeTest.testRunCode(org.openqa.selenium.WebDriver,java.lang.String,java.lang.String) throws java.lang.Exception]]>
              </value>
            </param>
          </params>
          <reporter-output>
          </reporter-output>
        </test-method> <!-- setUpBeforeMethod -->
        <test-method status="FAIL" signature="testRunCode(org.openqa.selenium.WebDriver, java.lang.String, java.lang.String)[pri:0, instance:com.hackerrank.RunCodeTest@2194038f]" name="testRunCode" duration-ms="164168" started-at="2015-01-09T01:47:01Z" data-provider="signInData" finished-at="2015-01-09T01:49:45Z">
          <params>
            <param index="0">
              <value>
                <![CDATA[RemoteWebDriver: chrome on MAC (null)]]>
              </value>
            </param>
            <param index="1">
              <value>
                <![CDATA[sumanthyss@gmail.com]]>
              </value>
            </param>
            <param index="2">
              <value>
                <![CDATA[hackhack]]>
              </value>
            </param>
          </params>
          <exception class="org.openqa.selenium.StaleElementReferenceException">
            <message>
              <![CDATA[stale element reference: element is not attached to the page document
  (Session info: chrome=35.0.1916.114)
  (Driver info: chromedriver=2.10.267517,platform=Mac OS X 10.8.4 x86_64) (WARNING: The server did not provide any stacktrace information)
Command duration or timeout: 833 milliseconds
For documentation on this error, please visit: http://seleniumhq.org/exceptions/stale_element_reference.html
Build info: version: '2.42.2', revision: '6a6995d31c7c56c340d6f45a76976d43506cd6cc', time: '2014-06-03 10:52:47'
System info: host: 'BANL1191b9713.local', ip: '172.16.136.1', os.name: 'Mac OS X', os.arch: 'x86_64', os.version: '10.8.4', java.version: '1.7.0_71'
Session ID: e15bb1156a1645b29c3528adea61c141
Driver info: org.openqa.selenium.remote.RemoteWebDriver
Capabilities [{platform=MAC, acceptSslCerts=true, javascriptEnabled=true, hasMetadata=true, browserName=chrome, chrome={userDataDir=/var/folders/0w/mrhl7x0974n6zv2mpl6vz5_80000gn/T/.org.chromium.Chromium.0C721w}, rotatable=false, locationContextEnabled=true, webdriver.remote.sessionid=e15bb1156a1645b29c3528adea61c141, version=35.0.1916.114, takesHeapSnapshot=true, cssSelectorsEnabled=true, databaseEnabled=false, handlesAlerts=true, browserConnectionEnabled=false, nativeEvents=true, webStorageEnabled=true, applicationCacheEnabled=false, takesScreenshot=true}]]]>
            </message>
            <full-stacktrace>
              <![CDATA[org.openqa.selenium.StaleElementReferenceException: stale element reference: element is not attached to the page document
  (Session info: chrome=35.0.1916.114)
  (Driver info: chromedriver=2.10.267517,platform=Mac OS X 10.8.4 x86_64) (WARNING: The server did not provide any stacktrace information)
Command duration or timeout: 833 milliseconds
For documentation on this error, please visit: http://seleniumhq.org/exceptions/stale_element_reference.html
Build info: version: '2.42.2', revision: '6a6995d31c7c56c340d6f45a76976d43506cd6cc', time: '2014-06-03 10:52:47'
System info: host: 'BANL1191b9713.local', ip: '172.16.136.1', os.name: 'Mac OS X', os.arch: 'x86_64', os.version: '10.8.4', java.version: '1.7.0_71'
Session ID: e15bb1156a1645b29c3528adea61c141
Driver info: org.openqa.selenium.remote.RemoteWebDriver
Capabilities [{platform=MAC, acceptSslCerts=true, javascriptEnabled=true, hasMetadata=true, browserName=chrome, chrome={userDataDir=/var/folders/0w/mrhl7x0974n6zv2mpl6vz5_80000gn/T/.org.chromium.Chromium.0C721w}, rotatable=false, locationContextEnabled=true, webdriver.remote.sessionid=e15bb1156a1645b29c3528adea61c141, version=35.0.1916.114, takesHeapSnapshot=true, cssSelectorsEnabled=true, databaseEnabled=false, handlesAlerts=true, browserConnectionEnabled=false, nativeEvents=true, webStorageEnabled=true, applicationCacheEnabled=false, takesScreenshot=true}]
	at sun.reflect.NativeConstructorAccessorImpl.newInstance0(Native Method)
	at sun.reflect.NativeConstructorAccessorImpl.newInstance(NativeConstructorAccessorImpl.java:57)
	at sun.reflect.DelegatingConstructorAccessorImpl.newInstance(DelegatingConstructorAccessorImpl.java:45)
	at java.lang.reflect.Constructor.newInstance(Constructor.java:526)
	at org.openqa.selenium.remote.ErrorHandler.createThrowable(ErrorHandler.java:204)
	at org.openqa.selenium.remote.ErrorHandler.throwIfResponseFailed(ErrorHandler.java:156)
	at org.openqa.selenium.remote.RemoteWebDriver.execute(RemoteWebDriver.java:599)
	at org.openqa.selenium.remote.RemoteWebElement.execute(RemoteWebElement.java:268)
	at org.openqa.selenium.remote.RemoteWebElement.click(RemoteWebElement.java:79)
	at com.pageobject.WarmupSubDomain.solveMeFirst(WarmupSubDomain.java:34)
	at com.hackerrank.RunCodeTest.testRunCode(RunCodeTest.java:49)
	at sun.reflect.NativeMethodAccessorImpl.invoke0(Native Method)
	at sun.reflect.NativeMethodAccessorImpl.invoke(NativeMethodAccessorImpl.java:57)
	at sun.reflect.DelegatingMethodAccessorImpl.invoke(DelegatingMethodAccessorImpl.java:43)
	at java.lang.reflect.Method.invoke(Method.java:606)
	at org.testng.internal.MethodInvocationHelper.invokeMethod(MethodInvocationHelper.java:84)
	at org.testng.internal.MethodInvocationHelper$1.runTestMethod(MethodInvocationHelper.java:200)
	at com.intuit.tools.commontestbase.IBrowserTestNGBase.run(IBrowserTestNGBase.java:170)
	at sun.reflect.NativeMethodAccessorImpl.invoke0(Native Method)
	at sun.reflect.NativeMethodAccessorImpl.invoke(NativeMethodAccessorImpl.java:57)
	at sun.reflect.DelegatingMethodAccessorImpl.invoke(DelegatingMethodAccessorImpl.java:43)
	at java.lang.reflect.Method.invoke(Method.java:606)
	at org.testng.internal.MethodInvocationHelper.invokeHookable(MethodInvocationHelper.java:212)
	at org.testng.internal.Invoker.invokeMethod(Invoker.java:707)
	at org.testng.internal.Invoker.invokeTestMethod(Invoker.java:901)
	at org.testng.internal.Invoker.invokeTestMethods(Invoker.java:1231)
	at org.testng.internal.TestMethodWorker.invokeTestMethods(TestMethodWorker.java:127)
	at org.testng.internal.TestMethodWorker.run(TestMethodWorker.java:111)
	at java.util.concurrent.ThreadPoolExecutor.runWorker(ThreadPoolExecutor.java:1145)
	at java.util.concurrent.ThreadPoolExecutor$Worker.run(ThreadPoolExecutor.java:615)
	at java.lang.Thread.run(Thread.java:745)
]]>
            </full-stacktrace>
          </exception> <!-- org.openqa.selenium.StaleElementReferenceException -->
          <reporter-output>
          </reporter-output>
        </test-method> <!-- testRunCode -->
        <test-method status="PASS" signature="tearDownAfterClass()[pri:0, instance:com.hackerrank.RunCodeTest@2194038f]" name="tearDownAfterClass" is-config="true" duration-ms="1" started-at="2015-01-09T01:49:53Z" finished-at="2015-01-09T01:49:53Z">
          <reporter-output>
          </reporter-output>
        </test-method> <!-- tearDownAfterClass -->
        <test-method status="PASS" signature="tearDownAfterMethod()[pri:0, instance:com.hackerrank.RunCodeTest@2194038f]" name="tearDownAfterMethod" is-config="true" duration-ms="0" started-at="2015-01-09T01:49:53Z" finished-at="2015-01-09T01:49:53Z">
          <reporter-output>
          </reporter-output>
        </test-method> <!-- tearDownAfterMethod -->
      </class> <!-- com.hackerrank.RunCodeTest -->
    </test> <!-- SmokeTest -->
  </suite> <!-- HelloWorldTest -->
</testng-results>
