<?xml version="1.0" encoding="UTF-8"?>
<!-- Generated by org.testng.reporters.JUnitXMLReporter -->
<testsuite hostname="BANL1191b9713.local" name="SmokeTest" tests="3" failures="0" timestamp="8 Jan 2015 16:05:57 GMT" time="32.083" errors="0">
  <testcase name="testHelloWorldWithMyDataProvider" time="15.495" classname="com.intuit.team.HelloWorld2Test"/>
  <testcase name="testHelloWorldWithMyDataProvider" time="8.272" classname="com.intuit.team.HelloWorld2Test"/>
  <testcase name="testHelloWorld" time="7.481" classname="com.intuit.team.HelloWorldTest"/>
</testsuite>
